<?xml version="1.0" encoding="UTF-8"?>
<!-- Generated by org.testng.reporters.JUnitReportReporter -->
<testsuite hostname="user5" failures="0" tests="1" name="testscripts.LocatorTest" time="11.540" errors="0" timestamp="2024-10-30T11:03:27 IST" skipped="0">
  <testcase classname="testscripts.LocatorTest" name="loginTest" time="11.540"/>
  <system-out/>
</testsuite> <!-- testscripts.LocatorTest -->
