<?xml version="1.0" encoding="UTF-8"?>
<!-- Generated by org.testng.reporters.JUnitReportReporter -->
<testsuite hostname="user5" failures="0" tests="1" name="testscripts.WebTableTest" time="9.571" errors="0" timestamp="2024-10-30T11:07:37 IST" skipped="0">
  <testcase classname="testscripts.WebTableTest" name="TableTest" time="9.571"/>
  <system-out/>
</testsuite> <!-- testscripts.WebTableTest -->
