<?xml version="1.0" encoding="UTF-8"?>
<!-- Generated by org.testng.reporters.JUnitReportReporter -->
<testsuite hostname="user5" failures="0" tests="1" name="testscripts.GooglePageTest" time="5.779" errors="0" timestamp="2024-11-07T10:38:20 IST" skipped="0">
  <testcase classname="testscripts.GooglePageTest" name="SearchJavaTest" time="5.779"/>
  <system-out/>
</testsuite> <!-- testscripts.GooglePageTest -->
