<?xml version="1.0" encoding="UTF-8"?>
<!-- Generated by org.testng.reporters.JUnitReportReporter -->
<testsuite hostname="user5" failures="0" tests="1" name="testscripts.LocatorTest" time="8.708" errors="0" timestamp="2024-11-07T10:40:06 IST" skipped="0">
  <testcase classname="testscripts.LocatorTest" name="loginTest" time="8.708"/>
  <system-out/>
</testsuite> <!-- testscripts.LocatorTest -->
