<?xml version="1.0" encoding="UTF-8"?>
<!-- Generated by org.testng.reporters.JUnitReportReporter -->
<testsuite hostname="user5" failures="0" tests="1" name="testscripts.RadioButtonTest" time="11.632" errors="0" timestamp="2024-11-04T13:14:21 IST" skipped="0">
  <testcase classname="testscripts.RadioButtonTest" name="RBTest" time="11.632"/>
  <system-out/>
</testsuite> <!-- testscripts.RadioButtonTest -->
