<?xml version="1.0" encoding="UTF-8"?>
<!-- Generated by org.testng.reporters.JUnitReportReporter -->
<testsuite hostname="user5" failures="0" tests="4" name="testscripts.GoogleSearchTest" time="12.858" errors="0" timestamp="2024-11-07T12:00:43 IST" skipped="0">
  <testcase classname="testscripts.GoogleSearchTest" name="AppiumSearchTest" time="3.508"/>
  <system-out/>
  <testcase classname="testscripts.GoogleSearchTest" name="CucumberSearchTest" time="3.187"/>
  <system-out/>
  <testcase classname="testscripts.GoogleSearchTest" name="SeleniumSearchTest" time="3.171"/>
  <system-out/>
  <testcase classname="testscripts.GoogleSearchTest" name="JavaSearchTest" time="2.992"/>
  <system-out/>
</testsuite> <!-- testscripts.GoogleSearchTest -->
