<?xml version="1.0" encoding="UTF-8"?>
<!-- Generated by org.testng.reporters.JUnitReportReporter -->
<testsuite hostname="user5" failures="0" tests="1" name="testscripts.ExplicitWaitTest" time="21.797" errors="0" timestamp="2024-11-06T12:48:30 IST" skipped="0">
  <testcase classname="testscripts.ExplicitWaitTest" name="EWTest" time="21.797"/>
  <system-out/>
</testsuite> <!-- testscripts.ExplicitWaitTest -->
