<?xml version="1.0" encoding="UTF-8"?>
<!-- Generated by org.testng.reporters.JUnitReportReporter -->
<testsuite hostname="user5" failures="0" tests="1" name="testscripts.GooglePageTest" time="7.622" errors="0" timestamp="2024-10-29T11:28:53 IST" skipped="0">
  <testcase classname="testscripts.GooglePageTest" name="SearchJavaTest" time="7.622"/>
  <system-out/>
</testsuite> <!-- testscripts.GooglePageTest -->
