<?xml version="1.0" encoding="UTF-8"?>
<!-- Generated by org.testng.reporters.JUnitReportReporter -->
<testsuite hostname="user5" failures="0" tests="1" name="testscripts.DoubleClickTest" time="6.970" errors="0" timestamp="2024-11-04T13:07:52 IST" skipped="0">
  <testcase classname="testscripts.DoubleClickTest" name="ClickmeTest" time="6.970"/>
  <system-out/>
</testsuite> <!-- testscripts.DoubleClickTest -->
