<?xml version="1.0" encoding="UTF-8"?>
<!-- Generated by org.testng.reporters.JUnitReportReporter -->
<testsuite hostname="user5" failures="0" tests="1" name="testscripts.DisplayText" time="5.004" errors="0" timestamp="2024-11-04T09:59:43 IST" skipped="0">
  <testcase classname="testscripts.DisplayText" name="HiddenTest" time="5.004"/>
  <system-out/>
</testsuite> <!-- testscripts.DisplayText -->
