<?xml version="1.0" encoding="UTF-8"?>
<!-- Generated by org.testng.reporters.JUnitReportReporter -->
<testsuite hostname="user5" failures="0" tests="1" name="testscripts.AlertTest" time="43.614" errors="0" timestamp="2024-11-05T13:23:21 IST" skipped="0">
  <testcase classname="testscripts.AlertTest" name="Atest" time="43.614"/>
  <system-out/>
</testsuite> <!-- testscripts.AlertTest -->
