<?xml version="1.0" encoding="UTF-8"?>
<!-- Generated by org.testng.reporters.JUnitReportReporter -->
<testsuite hostname="user5" failures="0" tests="1" name="testscripts.MouseActionsTest" time="8.591" errors="0" timestamp="2024-11-04T12:43:57 IST" skipped="0">
  <testcase classname="testscripts.MouseActionsTest" name="MenusTest" time="8.591"/>
  <system-out/>
</testsuite> <!-- testscripts.MouseActionsTest -->
